{"/home/psihozykt/react-projects/todo-app-front/src/App.jsx": {"path":"/home/psihozykt/react-projects/todo-app-front/src/App.jsx","statementMap":{"0":{"start":{"line":10,"column":12},"end":{"line":21,"column":1}},"1":{"start":{"line":12,"column":2},"end":{"line":19,"column":13}},"2":{"start":{"line":15,"column":47},"end":{"line":15,"column":56}},"3":{"start":{"line":16,"column":50},"end":{"line":16,"column":66}}},"fnMap":{"0":{"name":"(anonymous_0)","decl":{"start":{"line":10,"column":12},"end":{"line":10,"column":13}},"loc":{"start":{"line":12,"column":2},"end":{"line":19,"column":13}},"line":12},"1":{"name":"(anonymous_1)","decl":{"start":{"line":15,"column":41},"end":{"line":15,"column":42}},"loc":{"start":{"line":15,"column":47},"end":{"line":15,"column":56}},"line":15},"2":{"name":"(anonymous_2)","decl":{"start":{"line":16,"column":44},"end":{"line":16,"column":45}},"loc":{"start":{"line":16,"column":50},"end":{"line":16,"column":66}},"line":16}},"branchMap":{},"s":{"0":0,"1":0,"2":0,"3":0},"f":{"0":0,"1":0,"2":0},"b":{},"hash":"23a3fb73913027db4fb2975307eabdb59cec8bee"}
,"/home/psihozykt/react-projects/todo-app-front/src/api/TodosAPI.js": {"path":"/home/psihozykt/react-projects/todo-app-front/src/api/TodosAPI.js","statementMap":{"0":{"start":{"line":3,"column":25},"end":{"line":3,"column":43}},"1":{"start":{"line":5,"column":17},"end":{"line":76,"column":1}},"2":{"start":{"line":7,"column":4},"end":{"line":20,"column":8}},"3":{"start":{"line":9,"column":24},"end":{"line":9,"column":37}},"4":{"start":{"line":10,"column":20},"end":{"line":19,"column":9}},"5":{"start":{"line":10,"column":43},"end":{"line":19,"column":7}},"6":{"start":{"line":13,"column":48},"end":{"line":17,"column":9}},"7":{"start":{"line":24,"column":4},"end":{"line":44,"column":10}},"8":{"start":{"line":34,"column":24},"end":{"line":34,"column":37}},"9":{"start":{"line":35,"column":21},"end":{"line":44,"column":7}},"10":{"start":{"line":38,"column":53},"end":{"line":42,"column":9}},"11":{"start":{"line":48,"column":4},"end":{"line":48,"column":84}},"12":{"start":{"line":48,"column":69},"end":{"line":48,"column":82}},"13":{"start":{"line":52,"column":4},"end":{"line":74,"column":9}},"14":{"start":{"line":62,"column":24},"end":{"line":62,"column":37}},"15":{"start":{"line":64,"column":8},"end":{"line":73,"column":10}},"16":{"start":{"line":67,"column":55},"end":{"line":71,"column":11}}},"fnMap":{"0":{"name":"(anonymous_0)","decl":{"start":{"line":6,"column":2},"end":{"line":6,"column":3}},"loc":{"start":{"line":6,"column":16},"end":{"line":21,"column":3}},"line":6},"1":{"name":"(anonymous_1)","decl":{"start":{"line":9,"column":12},"end":{"line":9,"column":13}},"loc":{"start":{"line":9,"column":24},"end":{"line":9,"column":37}},"line":9},"2":{"name":"(anonymous_2)","decl":{"start":{"line":10,"column":12},"end":{"line":10,"column":13}},"loc":{"start":{"line":10,"column":20},"end":{"line":19,"column":9}},"line":10},"3":{"name":"(anonymous_3)","decl":{"start":{"line":10,"column":34},"end":{"line":10,"column":35}},"loc":{"start":{"line":10,"column":43},"end":{"line":19,"column":7}},"line":10},"4":{"name":"(anonymous_4)","decl":{"start":{"line":13,"column":36},"end":{"line":13,"column":37}},"loc":{"start":{"line":13,"column":48},"end":{"line":17,"column":9}},"line":13},"5":{"name":"(anonymous_5)","decl":{"start":{"line":23,"column":2},"end":{"line":23,"column":3}},"loc":{"start":{"line":23,"column":17},"end":{"line":45,"column":3}},"line":23},"6":{"name":"(anonymous_6)","decl":{"start":{"line":34,"column":12},"end":{"line":34,"column":13}},"loc":{"start":{"line":34,"column":24},"end":{"line":34,"column":37}},"line":34},"7":{"name":"(anonymous_7)","decl":{"start":{"line":35,"column":12},"end":{"line":35,"column":13}},"loc":{"start":{"line":35,"column":21},"end":{"line":44,"column":7}},"line":35},"8":{"name":"(anonymous_8)","decl":{"start":{"line":38,"column":41},"end":{"line":38,"column":42}},"loc":{"start":{"line":38,"column":53},"end":{"line":42,"column":9}},"line":38},"9":{"name":"(anonymous_9)","decl":{"start":{"line":47,"column":2},"end":{"line":47,"column":3}},"loc":{"start":{"line":47,"column":19},"end":{"line":49,"column":3}},"line":47},"10":{"name":"(anonymous_10)","decl":{"start":{"line":48,"column":57},"end":{"line":48,"column":58}},"loc":{"start":{"line":48,"column":69},"end":{"line":48,"column":82}},"line":48},"11":{"name":"(anonymous_11)","decl":{"start":{"line":51,"column":2},"end":{"line":51,"column":3}},"loc":{"start":{"line":51,"column":17},"end":{"line":75,"column":3}},"line":51},"12":{"name":"(anonymous_12)","decl":{"start":{"line":62,"column":12},"end":{"line":62,"column":13}},"loc":{"start":{"line":62,"column":24},"end":{"line":62,"column":37}},"line":62},"13":{"name":"(anonymous_13)","decl":{"start":{"line":63,"column":12},"end":{"line":63,"column":13}},"loc":{"start":{"line":63,"column":20},"end":{"line":74,"column":7}},"line":63},"14":{"name":"(anonymous_14)","decl":{"start":{"line":67,"column":43},"end":{"line":67,"column":44}},"loc":{"start":{"line":67,"column":55},"end":{"line":71,"column":11}},"line":67}},"branchMap":{},"s":{"0":0,"1":0,"2":0,"3":0,"4":0,"5":0,"6":0,"7":0,"8":0,"9":0,"10":0,"11":0,"12":0,"13":0,"14":0,"15":0,"16":0},"f":{"0":0,"1":0,"2":0,"3":0,"4":0,"5":0,"6":0,"7":0,"8":0,"9":0,"10":0,"11":0,"12":0,"13":0,"14":0},"b":{},"hash":"e105e51545d8258cb992ea64f19d715505b16d51"}
,"/home/psihozykt/react-projects/todo-app-front/src/api/UsersAPI.js": {"path":"/home/psihozykt/react-projects/todo-app-front/src/api/UsersAPI.js","statementMap":{"0":{"start":{"line":3,"column":25},"end":{"line":3,"column":43}},"1":{"start":{"line":5,"column":17},"end":{"line":29,"column":1}},"2":{"start":{"line":7,"column":17},"end":{"line":11,"column":5}},"3":{"start":{"line":12,"column":4},"end":{"line":12,"column":48}},"4":{"start":{"line":15,"column":21},"end":{"line":19,"column":5}},"5":{"start":{"line":20,"column":4},"end":{"line":20,"column":86}},"6":{"start":{"line":20,"column":66},"end":{"line":20,"column":84}},"7":{"start":{"line":23,"column":4},"end":{"line":23,"column":74}},"8":{"start":{"line":23,"column":59},"end":{"line":23,"column":72}},"9":{"start":{"line":27,"column":4},"end":{"line":27,"column":69}},"10":{"start":{"line":27,"column":54},"end":{"line":27,"column":67}}},"fnMap":{"0":{"name":"(anonymous_0)","decl":{"start":{"line":6,"column":2},"end":{"line":6,"column":3}},"loc":{"start":{"line":6,"column":40},"end":{"line":13,"column":3}},"line":6},"1":{"name":"(anonymous_1)","decl":{"start":{"line":14,"column":2},"end":{"line":14,"column":3}},"loc":{"start":{"line":14,"column":35},"end":{"line":21,"column":3}},"line":14},"2":{"name":"(anonymous_2)","decl":{"start":{"line":20,"column":54},"end":{"line":20,"column":55}},"loc":{"start":{"line":20,"column":66},"end":{"line":20,"column":84}},"line":20},"3":{"name":"(anonymous_3)","decl":{"start":{"line":22,"column":2},"end":{"line":22,"column":3}},"loc":{"start":{"line":22,"column":11},"end":{"line":24,"column":3}},"line":22},"4":{"name":"(anonymous_4)","decl":{"start":{"line":23,"column":47},"end":{"line":23,"column":48}},"loc":{"start":{"line":23,"column":59},"end":{"line":23,"column":72}},"line":23},"5":{"name":"(anonymous_5)","decl":{"start":{"line":26,"column":2},"end":{"line":26,"column":3}},"loc":{"start":{"line":26,"column":11},"end":{"line":28,"column":3}},"line":26},"6":{"name":"(anonymous_6)","decl":{"start":{"line":27,"column":42},"end":{"line":27,"column":43}},"loc":{"start":{"line":27,"column":54},"end":{"line":27,"column":67}},"line":27}},"branchMap":{},"s":{"0":1,"1":1,"2":0,"3":0,"4":0,"5":0,"6":0,"7":0,"8":0,"9":0,"10":0},"f":{"0":0,"1":0,"2":0,"3":0,"4":0,"5":0,"6":0},"b":{},"_coverageSchema":"43e27e138ebf9cfc5966b082cf9a028302ed4184","hash":"7421eff39eab98549587fc11487dbe721a4caa34"}
,"/home/psihozykt/react-projects/todo-app-front/src/components/content/Content.jsx": {"path":"/home/psihozykt/react-projects/todo-app-front/src/components/content/Content.jsx","statementMap":{"0":{"start":{"line":9,"column":16},"end":{"line":14,"column":1}},"1":{"start":{"line":10,"column":2},"end":{"line":13,"column":8}},"2":{"start":{"line":12,"column":50},"end":{"line":12,"column":74}},"3":{"start":{"line":16,"column":24},"end":{"line":18,"column":2}},"4":{"start":{"line":16,"column":34},"end":{"line":18,"column":1}}},"fnMap":{"0":{"name":"(anonymous_0)","decl":{"start":{"line":9,"column":16},"end":{"line":9,"column":17}},"loc":{"start":{"line":10,"column":2},"end":{"line":13,"column":8}},"line":10},"1":{"name":"(anonymous_1)","decl":{"start":{"line":12,"column":44},"end":{"line":12,"column":45}},"loc":{"start":{"line":12,"column":50},"end":{"line":12,"column":74}},"line":12},"2":{"name":"(anonymous_2)","decl":{"start":{"line":16,"column":24},"end":{"line":16,"column":25}},"loc":{"start":{"line":16,"column":34},"end":{"line":18,"column":1}},"line":16}},"branchMap":{},"s":{"0":0,"1":0,"2":0,"3":0,"4":0},"f":{"0":0,"1":0,"2":0},"b":{},"hash":"b489780294e4ffeda2e50937c2b32503eabba4fc"}
,"/home/psihozykt/react-projects/todo-app-front/src/components/content/index.js": {"path":"/home/psihozykt/react-projects/todo-app-front/src/components/content/index.js","statementMap":{},"fnMap":{},"branchMap":{},"s":{},"f":{},"b":{},"hash":"9563bb6590177391207354ca657078b4b20212b0"}
,"/home/psihozykt/react-projects/todo-app-front/src/components/content/login/Login.jsx": {"path":"/home/psihozykt/react-projects/todo-app-front/src/components/content/login/Login.jsx","statementMap":{"0":{"start":{"line":9,"column":14},"end":{"line":25,"column":1}},"1":{"start":{"line":10,"column":2},"end":{"line":10,"column":47}},"2":{"start":{"line":10,"column":20},"end":{"line":10,"column":47}},"3":{"start":{"line":11,"column":19},"end":{"line":14,"column":3}},"4":{"start":{"line":13,"column":4},"end":{"line":13,"column":86}},"5":{"start":{"line":13,"column":68},"end":{"line":13,"column":84}},"6":{"start":{"line":16,"column":2},"end":{"line":24,"column":4}},"7":{"start":{"line":20,"column":53},"end":{"line":20,"column":84}},"8":{"start":{"line":27,"column":18},"end":{"line":57,"column":1}},"9":{"start":{"line":28,"column":27},"end":{"line":28,"column":32}},"10":{"start":{"line":29,"column":2},"end":{"line":56,"column":4}},"11":{"start":{"line":58,"column":23},"end":{"line":58,"column":62}},"12":{"start":{"line":59,"column":24},"end":{"line":61,"column":2}},"13":{"start":{"line":59,"column":34},"end":{"line":61,"column":1}}},"fnMap":{"0":{"name":"(anonymous_0)","decl":{"start":{"line":9,"column":14},"end":{"line":9,"column":15}},"loc":{"start":{"line":9,"column":23},"end":{"line":25,"column":1}},"line":9},"1":{"name":"(anonymous_1)","decl":{"start":{"line":11,"column":19},"end":{"line":11,"column":20}},"loc":{"start":{"line":11,"column":54},"end":{"line":14,"column":3}},"line":11},"2":{"name":"(anonymous_2)","decl":{"start":{"line":13,"column":62},"end":{"line":13,"column":63}},"loc":{"start":{"line":13,"column":68},"end":{"line":13,"column":84}},"line":13},"3":{"name":"(anonymous_3)","decl":{"start":{"line":20,"column":47},"end":{"line":20,"column":48}},"loc":{"start":{"line":20,"column":53},"end":{"line":20,"column":84}},"line":20},"4":{"name":"(anonymous_4)","decl":{"start":{"line":27,"column":18},"end":{"line":27,"column":19}},"loc":{"start":{"line":27,"column":27},"end":{"line":57,"column":1}},"line":27},"5":{"name":"(anonymous_5)","decl":{"start":{"line":59,"column":24},"end":{"line":59,"column":25}},"loc":{"start":{"line":59,"column":34},"end":{"line":61,"column":1}},"line":59}},"branchMap":{"0":{"loc":{"start":{"line":10,"column":2},"end":{"line":10,"column":47}},"type":"if","locations":[{"start":{"line":10,"column":2},"end":{"line":10,"column":47}},{"start":{"line":10,"column":2},"end":{"line":10,"column":47}}],"line":10}},"s":{"0":0,"1":0,"2":0,"3":0,"4":0,"5":0,"6":0,"7":0,"8":0,"9":0,"10":0,"11":0,"12":0,"13":0},"f":{"0":0,"1":0,"2":0,"3":0,"4":0,"5":0},"b":{"0":[0,0]},"hash":"94c05c40c993238c7e1884e89e9002ccbb91d2a9"}
,"/home/psihozykt/react-projects/todo-app-front/src/components/content/login/index.js": {"path":"/home/psihozykt/react-projects/todo-app-front/src/components/content/login/index.js","statementMap":{},"fnMap":{},"branchMap":{},"s":{},"f":{},"b":{},"hash":"1b63e1c09d45d3af6a018c0e2f794f73ba3b6707"}
,"/home/psihozykt/react-projects/todo-app-front/src/components/content/login/logout/Logout.jsx": {"path":"/home/psihozykt/react-projects/todo-app-front/src/components/content/login/logout/Logout.jsx","statementMap":{"0":{"start":{"line":3,"column":15},"end":{"line":7,"column":1}},"1":{"start":{"line":4,"column":2},"end":{"line":6,"column":9}},"2":{"start":{"line":4,"column":50},"end":{"line":4,"column":58}}},"fnMap":{"0":{"name":"(anonymous_0)","decl":{"start":{"line":3,"column":15},"end":{"line":3,"column":16}},"loc":{"start":{"line":4,"column":2},"end":{"line":6,"column":9}},"line":4},"1":{"name":"(anonymous_1)","decl":{"start":{"line":4,"column":44},"end":{"line":4,"column":45}},"loc":{"start":{"line":4,"column":50},"end":{"line":4,"column":58}},"line":4}},"branchMap":{},"s":{"0":1,"1":2,"2":2},"f":{"0":2,"1":2},"b":{},"_coverageSchema":"43e27e138ebf9cfc5966b082cf9a028302ed4184","hash":"0e832b2f3dcc793eedabe238db1b556e0faac4b3"}
,"/home/psihozykt/react-projects/todo-app-front/src/components/content/login/logout/index.js": {"path":"/home/psihozykt/react-projects/todo-app-front/src/components/content/login/logout/index.js","statementMap":{},"fnMap":{},"branchMap":{},"s":{},"f":{},"b":{},"_coverageSchema":"43e27e138ebf9cfc5966b082cf9a028302ed4184","hash":"f6aaccff5aed18ab808acbf122cd1e29e7ab748b"}
,"/home/psihozykt/react-projects/todo-app-front/src/components/content/register/RegisterPage.jsx": {"path":"/home/psihozykt/react-projects/todo-app-front/src/components/content/register/RegisterPage.jsx","statementMap":{"0":{"start":{"line":9,"column":21},"end":{"line":34,"column":1}},"1":{"start":{"line":10,"column":19},"end":{"line":24,"column":3}},"2":{"start":{"line":11,"column":4},"end":{"line":23,"column":9}},"3":{"start":{"line":14,"column":8},"end":{"line":18,"column":9}},"4":{"start":{"line":15,"column":10},"end":{"line":17,"column":49}},"5":{"start":{"line":17,"column":24},"end":{"line":17,"column":47}},"6":{"start":{"line":19,"column":8},"end":{"line":19,"column":46}},"7":{"start":{"line":22,"column":8},"end":{"line":22,"column":25}},"8":{"start":{"line":25,"column":2},"end":{"line":33,"column":4}},"9":{"start":{"line":29,"column":52},"end":{"line":29,"column":80}},"10":{"start":{"line":36,"column":21},"end":{"line":76,"column":1}},"11":{"start":{"line":37,"column":27},"end":{"line":37,"column":32}},"12":{"start":{"line":38,"column":2},"end":{"line":75,"column":4}},"13":{"start":{"line":78,"column":26},"end":{"line":78,"column":71}}},"fnMap":{"0":{"name":"(anonymous_0)","decl":{"start":{"line":9,"column":21},"end":{"line":9,"column":22}},"loc":{"start":{"line":9,"column":30},"end":{"line":34,"column":1}},"line":9},"1":{"name":"(anonymous_1)","decl":{"start":{"line":10,"column":19},"end":{"line":10,"column":20}},"loc":{"start":{"line":10,"column":31},"end":{"line":24,"column":3}},"line":10},"2":{"name":"(anonymous_2)","decl":{"start":{"line":13,"column":12},"end":{"line":13,"column":13}},"loc":{"start":{"line":13,"column":20},"end":{"line":20,"column":7}},"line":13},"3":{"name":"(anonymous_3)","decl":{"start":{"line":17,"column":18},"end":{"line":17,"column":19}},"loc":{"start":{"line":17,"column":24},"end":{"line":17,"column":47}},"line":17},"4":{"name":"(anonymous_4)","decl":{"start":{"line":21,"column":13},"end":{"line":21,"column":14}},"loc":{"start":{"line":21,"column":20},"end":{"line":23,"column":7}},"line":21},"5":{"name":"(anonymous_5)","decl":{"start":{"line":29,"column":46},"end":{"line":29,"column":47}},"loc":{"start":{"line":29,"column":52},"end":{"line":29,"column":80}},"line":29},"6":{"name":"(anonymous_6)","decl":{"start":{"line":36,"column":21},"end":{"line":36,"column":22}},"loc":{"start":{"line":36,"column":30},"end":{"line":76,"column":1}},"line":36}},"branchMap":{"0":{"loc":{"start":{"line":14,"column":8},"end":{"line":18,"column":9}},"type":"if","locations":[{"start":{"line":14,"column":8},"end":{"line":18,"column":9}},{"start":{"line":14,"column":8},"end":{"line":18,"column":9}}],"line":14}},"s":{"0":0,"1":0,"2":0,"3":0,"4":0,"5":0,"6":0,"7":0,"8":0,"9":0,"10":0,"11":0,"12":0,"13":0},"f":{"0":0,"1":0,"2":0,"3":0,"4":0,"5":0,"6":0},"b":{"0":[0,0]},"hash":"034d04504dcc11779022c824825830a2351a65e6"}
,"/home/psihozykt/react-projects/todo-app-front/src/components/content/register/index.js": {"path":"/home/psihozykt/react-projects/todo-app-front/src/components/content/register/index.js","statementMap":{},"fnMap":{},"branchMap":{},"s":{},"f":{},"b":{},"hash":"2d6f39489af51cb0f81abccaa796c97f6c19146a"}
,"/home/psihozykt/react-projects/todo-app-front/src/components/content/taskBar/TaskBar.jsx": {"path":"/home/psihozykt/react-projects/todo-app-front/src/components/content/taskBar/TaskBar.jsx","statementMap":{"0":{"start":{"line":5,"column":16},"end":{"line":12,"column":1}},"1":{"start":{"line":6,"column":2},"end":{"line":11,"column":8}}},"fnMap":{"0":{"name":"(anonymous_0)","decl":{"start":{"line":5,"column":16},"end":{"line":5,"column":17}},"loc":{"start":{"line":6,"column":2},"end":{"line":11,"column":8}},"line":6}},"branchMap":{},"s":{"0":0,"1":0},"f":{"0":0},"b":{},"hash":"0fc5375905e3411b956dbb601a43fe8bfa302796"}
,"/home/psihozykt/react-projects/todo-app-front/src/components/content/taskBar/TaskBarContainer.jsx": {"path":"/home/psihozykt/react-projects/todo-app-front/src/components/content/taskBar/TaskBarContainer.jsx","statementMap":{"0":{"start":{"line":11,"column":25},"end":{"line":46,"column":1}},"1":{"start":{"line":12,"column":20},"end":{"line":12,"column":25}},"2":{"start":{"line":13,"column":44},"end":{"line":13,"column":64}},"3":{"start":{"line":14,"column":2},"end":{"line":23,"column":14}},"4":{"start":{"line":15,"column":17},"end":{"line":15,"column":19}},"5":{"start":{"line":16,"column":4},"end":{"line":16,"column":54}},"6":{"start":{"line":16,"column":27},"end":{"line":16,"column":54}},"7":{"start":{"line":17,"column":4},"end":{"line":22,"column":6}},"8":{"start":{"line":19,"column":8},"end":{"line":19,"column":57}},"9":{"start":{"line":19,"column":45},"end":{"line":19,"column":57}},"10":{"start":{"line":20,"column":8},"end":{"line":20,"column":21}},"11":{"start":{"line":25,"column":2},"end":{"line":33,"column":20}},"12":{"start":{"line":26,"column":4},"end":{"line":26,"column":33}},"13":{"start":{"line":26,"column":16},"end":{"line":26,"column":33}},"14":{"start":{"line":27,"column":4},"end":{"line":32,"column":7}},"15":{"start":{"line":28,"column":6},"end":{"line":31,"column":7}},"16":{"start":{"line":29,"column":8},"end":{"line":29,"column":45}},"17":{"start":{"line":30,"column":8},"end":{"line":30,"column":20}},"18":{"start":{"line":35,"column":22},"end":{"line":35,"column":58}},"19":{"start":{"line":35,"column":30},"end":{"line":35,"column":58}},"20":{"start":{"line":36,"column":22},"end":{"line":36,"column":50}},"21":{"start":{"line":36,"column":30},"end":{"line":36,"column":50}},"22":{"start":{"line":37,"column":24},"end":{"line":37,"column":54}},"23":{"start":{"line":37,"column":32},"end":{"line":37,"column":54}},"24":{"start":{"line":39,"column":23},"end":{"line":39,"column":90}},"25":{"start":{"line":41,"column":2},"end":{"line":45,"column":4}},"26":{"start":{"line":47,"column":17},"end":{"line":47,"column":48}},"27":{"start":{"line":49,"column":24},"end":{"line":52,"column":2}},"28":{"start":{"line":49,"column":34},"end":{"line":52,"column":1}}},"fnMap":{"0":{"name":"(anonymous_0)","decl":{"start":{"line":11,"column":25},"end":{"line":11,"column":26}},"loc":{"start":{"line":11,"column":34},"end":{"line":46,"column":1}},"line":11},"1":{"name":"(anonymous_1)","decl":{"start":{"line":14,"column":12},"end":{"line":14,"column":13}},"loc":{"start":{"line":14,"column":18},"end":{"line":23,"column":3}},"line":14},"2":{"name":"(anonymous_2)","decl":{"start":{"line":18,"column":19},"end":{"line":18,"column":20}},"loc":{"start":{"line":18,"column":27},"end":{"line":21,"column":7}},"line":18},"3":{"name":"(anonymous_3)","decl":{"start":{"line":25,"column":12},"end":{"line":25,"column":13}},"loc":{"start":{"line":25,"column":18},"end":{"line":33,"column":3}},"line":25},"4":{"name":"(anonymous_4)","decl":{"start":{"line":27,"column":18},"end":{"line":27,"column":19}},"loc":{"start":{"line":27,"column":26},"end":{"line":32,"column":5}},"line":27},"5":{"name":"(anonymous_5)","decl":{"start":{"line":35,"column":22},"end":{"line":35,"column":23}},"loc":{"start":{"line":35,"column":30},"end":{"line":35,"column":58}},"line":35},"6":{"name":"(anonymous_6)","decl":{"start":{"line":36,"column":22},"end":{"line":36,"column":23}},"loc":{"start":{"line":36,"column":30},"end":{"line":36,"column":50}},"line":36},"7":{"name":"(anonymous_7)","decl":{"start":{"line":37,"column":24},"end":{"line":37,"column":25}},"loc":{"start":{"line":37,"column":32},"end":{"line":37,"column":54}},"line":37},"8":{"name":"(anonymous_8)","decl":{"start":{"line":49,"column":24},"end":{"line":49,"column":25}},"loc":{"start":{"line":49,"column":34},"end":{"line":52,"column":1}},"line":49}},"branchMap":{"0":{"loc":{"start":{"line":16,"column":4},"end":{"line":16,"column":54}},"type":"if","locations":[{"start":{"line":16,"column":4},"end":{"line":16,"column":54}},{"start":{"line":16,"column":4},"end":{"line":16,"column":54}}],"line":16},"1":{"loc":{"start":{"line":19,"column":8},"end":{"line":19,"column":57}},"type":"if","locations":[{"start":{"line":19,"column":8},"end":{"line":19,"column":57}},{"start":{"line":19,"column":8},"end":{"line":19,"column":57}}],"line":19},"2":{"loc":{"start":{"line":26,"column":4},"end":{"line":26,"column":33}},"type":"if","locations":[{"start":{"line":26,"column":4},"end":{"line":26,"column":33}},{"start":{"line":26,"column":4},"end":{"line":26,"column":33}}],"line":26},"3":{"loc":{"start":{"line":28,"column":6},"end":{"line":31,"column":7}},"type":"if","locations":[{"start":{"line":28,"column":6},"end":{"line":31,"column":7}},{"start":{"line":28,"column":6},"end":{"line":31,"column":7}}],"line":28}},"s":{"0":0,"1":0,"2":0,"3":0,"4":0,"5":0,"6":0,"7":0,"8":0,"9":0,"10":0,"11":0,"12":0,"13":0,"14":0,"15":0,"16":0,"17":0,"18":0,"19":0,"20":0,"21":0,"22":0,"23":0,"24":0,"25":0,"26":0,"27":0,"28":0},"f":{"0":0,"1":0,"2":0,"3":0,"4":0,"5":0,"6":0,"7":0,"8":0},"b":{"0":[0,0],"1":[0,0],"2":[0,0],"3":[0,0]},"hash":"6292f0d2a043761629793238ebab6ed345ffe427"}
,"/home/psihozykt/react-projects/todo-app-front/src/components/content/taskBar/index.js": {"path":"/home/psihozykt/react-projects/todo-app-front/src/components/content/taskBar/index.js","statementMap":{},"fnMap":{},"branchMap":{},"s":{},"f":{},"b":{},"hash":"71f4193cafa85a93183de06fc42c4682b5afc3c7"}
,"/home/psihozykt/react-projects/todo-app-front/src/components/content/taskBar/addTask/AddTask.jsx": {"path":"/home/psihozykt/react-projects/todo-app-front/src/components/content/taskBar/addTask/AddTask.jsx","statementMap":{"0":{"start":{"line":5,"column":16},"end":{"line":15,"column":1}},"1":{"start":{"line":6,"column":26},"end":{"line":8,"column":3}},"2":{"start":{"line":7,"column":4},"end":{"line":7,"column":39}},"3":{"start":{"line":10,"column":2},"end":{"line":14,"column":4}},"4":{"start":{"line":17,"column":20},"end":{"line":38,"column":1}},"5":{"start":{"line":18,"column":27},"end":{"line":18,"column":32}},"6":{"start":{"line":19,"column":2},"end":{"line":37,"column":4}},"7":{"start":{"line":40,"column":25},"end":{"line":40,"column":68}}},"fnMap":{"0":{"name":"(anonymous_0)","decl":{"start":{"line":5,"column":16},"end":{"line":5,"column":17}},"loc":{"start":{"line":5,"column":37},"end":{"line":15,"column":1}},"line":5},"1":{"name":"(anonymous_1)","decl":{"start":{"line":6,"column":26},"end":{"line":6,"column":27}},"loc":{"start":{"line":6,"column":47},"end":{"line":8,"column":3}},"line":6},"2":{"name":"(anonymous_2)","decl":{"start":{"line":17,"column":20},"end":{"line":17,"column":21}},"loc":{"start":{"line":17,"column":29},"end":{"line":38,"column":1}},"line":17}},"branchMap":{},"s":{"0":0,"1":0,"2":0,"3":0,"4":0,"5":0,"6":0,"7":0},"f":{"0":0,"1":0,"2":0},"b":{},"hash":"bbc656f88cb68a61d1914d32fd9f9947f8ecdd34"}
,"/home/psihozykt/react-projects/todo-app-front/src/components/content/taskBar/addTask/index.js": {"path":"/home/psihozykt/react-projects/todo-app-front/src/components/content/taskBar/addTask/index.js","statementMap":{},"fnMap":{},"branchMap":{},"s":{},"f":{},"b":{},"hash":"c986a24c9a80129ad364de1f92e0c987219c2042"}
,"/home/psihozykt/react-projects/todo-app-front/src/components/content/taskBar/task/Task.jsx": {"path":"/home/psihozykt/react-projects/todo-app-front/src/components/content/taskBar/task/Task.jsx","statementMap":{"0":{"start":{"line":7,"column":13},"end":{"line":29,"column":1}},"1":{"start":{"line":8,"column":19},"end":{"line":8,"column":24}},"2":{"start":{"line":9,"column":23},"end":{"line":9,"column":28}},"3":{"start":{"line":10,"column":39},"end":{"line":10,"column":47}},"4":{"start":{"line":11,"column":2},"end":{"line":28,"column":4}},"5":{"start":{"line":16,"column":28},"end":{"line":16,"column":41}},"6":{"start":{"line":19,"column":27},"end":{"line":19,"column":44}}},"fnMap":{"0":{"name":"(anonymous_0)","decl":{"start":{"line":7,"column":13},"end":{"line":7,"column":14}},"loc":{"start":{"line":7,"column":22},"end":{"line":29,"column":1}},"line":7},"1":{"name":"(anonymous_1)","decl":{"start":{"line":16,"column":22},"end":{"line":16,"column":23}},"loc":{"start":{"line":16,"column":28},"end":{"line":16,"column":41}},"line":16},"2":{"name":"(anonymous_2)","decl":{"start":{"line":19,"column":21},"end":{"line":19,"column":22}},"loc":{"start":{"line":19,"column":27},"end":{"line":19,"column":44}},"line":19}},"branchMap":{},"s":{"0":0,"1":0,"2":0,"3":0,"4":0,"5":0,"6":0},"f":{"0":0,"1":0,"2":0},"b":{},"hash":"e850ce1a0a99c688f2b245ffe29f59ea25e3cb04"}
,"/home/psihozykt/react-projects/todo-app-front/src/components/content/taskBar/task/index.js": {"path":"/home/psihozykt/react-projects/todo-app-front/src/components/content/taskBar/task/index.js","statementMap":{},"fnMap":{},"branchMap":{},"s":{},"f":{},"b":{},"hash":"79d2459e7708cbfa69baed013be9a47be7f379a1"}
,"/home/psihozykt/react-projects/todo-app-front/src/components/content/taskBar/task/util.js": {"path":"/home/psihozykt/react-projects/todo-app-front/src/components/content/taskBar/task/util.js","statementMap":{"0":{"start":{"line":3,"column":27},"end":{"line":9,"column":1}},"1":{"start":{"line":4,"column":13},"end":{"line":4,"column":17}},"2":{"start":{"line":5,"column":2},"end":{"line":7,"column":5}},"3":{"start":{"line":6,"column":4},"end":{"line":6,"column":41}},"4":{"start":{"line":6,"column":28},"end":{"line":6,"column":41}},"5":{"start":{"line":8,"column":2},"end":{"line":8,"column":14}},"6":{"start":{"line":11,"column":28},"end":{"line":15,"column":1}},"7":{"start":{"line":12,"column":2},"end":{"line":14,"column":5}}},"fnMap":{"0":{"name":"(anonymous_0)","decl":{"start":{"line":3,"column":27},"end":{"line":3,"column":28}},"loc":{"start":{"line":3,"column":39},"end":{"line":9,"column":1}},"line":3},"1":{"name":"(anonymous_1)","decl":{"start":{"line":5,"column":19},"end":{"line":5,"column":20}},"loc":{"start":{"line":5,"column":30},"end":{"line":7,"column":3}},"line":5},"2":{"name":"(anonymous_2)","decl":{"start":{"line":11,"column":28},"end":{"line":11,"column":29}},"loc":{"start":{"line":11,"column":36},"end":{"line":15,"column":1}},"line":11}},"branchMap":{"0":{"loc":{"start":{"line":6,"column":4},"end":{"line":6,"column":41}},"type":"if","locations":[{"start":{"line":6,"column":4},"end":{"line":6,"column":41}},{"start":{"line":6,"column":4},"end":{"line":6,"column":41}}],"line":6},"1":{"loc":{"start":{"line":13,"column":4},"end":{"line":13,"column":71}},"type":"cond-expr","locations":[{"start":{"line":13,"column":40},"end":{"line":13,"column":51}},{"start":{"line":13,"column":54},"end":{"line":13,"column":71}}],"line":13}},"s":{"0":0,"1":0,"2":0,"3":0,"4":0,"5":0,"6":0,"7":0},"f":{"0":0,"1":0,"2":0},"b":{"0":[0,0],"1":[0,0]},"hash":"7386a15051297235b73e5d1e9448b564ebac7fdb"}
,"/home/psihozykt/react-projects/todo-app-front/src/components/content/taskBar/task/RemoveTask/RemoveTask.jsx": {"path":"/home/psihozykt/react-projects/todo-app-front/src/components/content/taskBar/task/RemoveTask/RemoveTask.jsx","statementMap":{"0":{"start":{"line":6,"column":18},"end":{"line":6,"column":28}},"1":{"start":{"line":12,"column":24},"end":{"line":12,"column":34}},"2":{"start":{"line":13,"column":4},"end":{"line":13,"column":22}},"3":{"start":{"line":16,"column":26},"end":{"line":19,"column":3}},"4":{"start":{"line":17,"column":30},"end":{"line":17,"column":40}},"5":{"start":{"line":18,"column":4},"end":{"line":18,"column":24}},"6":{"start":{"line":22,"column":4},"end":{"line":29,"column":6}},"7":{"start":{"line":25,"column":10},"end":{"line":25,"column":54}}},"fnMap":{"0":{"name":"(anonymous_0)","decl":{"start":{"line":8,"column":2},"end":{"line":8,"column":3}},"loc":{"start":{"line":8,"column":25},"end":{"line":14,"column":3}},"line":8},"1":{"name":"(anonymous_1)","decl":{"start":{"line":16,"column":26},"end":{"line":16,"column":27}},"loc":{"start":{"line":16,"column":36},"end":{"line":19,"column":3}},"line":16},"2":{"name":"(anonymous_2)","decl":{"start":{"line":21,"column":2},"end":{"line":21,"column":3}},"loc":{"start":{"line":21,"column":11},"end":{"line":30,"column":3}},"line":21},"3":{"name":"(anonymous_3)","decl":{"start":{"line":24,"column":17},"end":{"line":24,"column":18}},"loc":{"start":{"line":24,"column":23},"end":{"line":26,"column":9}},"line":24}},"branchMap":{},"s":{"0":0,"1":0,"2":0,"3":0,"4":0,"5":0,"6":0,"7":0},"f":{"0":0,"1":0,"2":0,"3":0},"b":{},"hash":"ca76039ede5d59d420cf085896bd7cbda8394679"}
,"/home/psihozykt/react-projects/todo-app-front/src/components/content/taskBar/task/RemoveTask/index.js": {"path":"/home/psihozykt/react-projects/todo-app-front/src/components/content/taskBar/task/RemoveTask/index.js","statementMap":{},"fnMap":{},"branchMap":{},"s":{},"f":{},"b":{},"hash":"0e8f11f1c880f2db1c1f2598ad829d491584705b"}
,"/home/psihozykt/react-projects/todo-app-front/src/components/content/taskContent/TaskContent.jsx": {"path":"/home/psihozykt/react-projects/todo-app-front/src/components/content/taskContent/TaskContent.jsx","statementMap":{"0":{"start":{"line":6,"column":20},"end":{"line":16,"column":1}},"1":{"start":{"line":7,"column":45},"end":{"line":7,"column":50}},"2":{"start":{"line":9,"column":2},"end":{"line":15,"column":4}}},"fnMap":{"0":{"name":"(anonymous_0)","decl":{"start":{"line":6,"column":20},"end":{"line":6,"column":21}},"loc":{"start":{"line":6,"column":29},"end":{"line":16,"column":1}},"line":6}},"branchMap":{},"s":{"0":0,"1":0,"2":0},"f":{"0":0},"b":{},"hash":"a3a488efa1bc826cea7dce0668088f0e9e13495f"}
,"/home/psihozykt/react-projects/todo-app-front/src/components/content/taskContent/TaskContentContainer.jsx": {"path":"/home/psihozykt/react-projects/todo-app-front/src/components/content/taskContent/TaskContentContainer.jsx","statementMap":{"0":{"start":{"line":9,"column":29},"end":{"line":29,"column":1}},"1":{"start":{"line":10,"column":27},"end":{"line":10,"column":32}},"2":{"start":{"line":12,"column":20},"end":{"line":12,"column":92}},"3":{"start":{"line":12,"column":45},"end":{"line":12,"column":92}},"4":{"start":{"line":13,"column":25},"end":{"line":15,"column":3}},"5":{"start":{"line":14,"column":4},"end":{"line":14,"column":34}},"6":{"start":{"line":16,"column":27},"end":{"line":18,"column":3}},"7":{"start":{"line":17,"column":4},"end":{"line":17,"column":34}},"8":{"start":{"line":19,"column":17},"end":{"line":19,"column":29}},"9":{"start":{"line":20,"column":15},"end":{"line":20,"column":43}},"10":{"start":{"line":20,"column":31},"end":{"line":20,"column":42}},"11":{"start":{"line":22,"column":2},"end":{"line":24,"column":3}},"12":{"start":{"line":23,"column":4},"end":{"line":23,"column":27}},"13":{"start":{"line":26,"column":19},"end":{"line":26,"column":96}},"14":{"start":{"line":28,"column":2},"end":{"line":28,"column":89}},"15":{"start":{"line":31,"column":24},"end":{"line":33,"column":2}},"16":{"start":{"line":31,"column":34},"end":{"line":33,"column":1}}},"fnMap":{"0":{"name":"(anonymous_0)","decl":{"start":{"line":9,"column":29},"end":{"line":9,"column":30}},"loc":{"start":{"line":9,"column":38},"end":{"line":29,"column":1}},"line":9},"1":{"name":"(anonymous_1)","decl":{"start":{"line":12,"column":20},"end":{"line":12,"column":21}},"loc":{"start":{"line":12,"column":45},"end":{"line":12,"column":92}},"line":12},"2":{"name":"(anonymous_2)","decl":{"start":{"line":13,"column":25},"end":{"line":13,"column":26}},"loc":{"start":{"line":13,"column":42},"end":{"line":15,"column":3}},"line":13},"3":{"name":"(anonymous_3)","decl":{"start":{"line":16,"column":27},"end":{"line":16,"column":28}},"loc":{"start":{"line":16,"column":41},"end":{"line":18,"column":3}},"line":16},"4":{"name":"(anonymous_4)","decl":{"start":{"line":20,"column":26},"end":{"line":20,"column":27}},"loc":{"start":{"line":20,"column":31},"end":{"line":20,"column":42}},"line":20},"5":{"name":"(anonymous_5)","decl":{"start":{"line":31,"column":24},"end":{"line":31,"column":25}},"loc":{"start":{"line":31,"column":34},"end":{"line":33,"column":1}},"line":31}},"branchMap":{"0":{"loc":{"start":{"line":22,"column":2},"end":{"line":24,"column":3}},"type":"if","locations":[{"start":{"line":22,"column":2},"end":{"line":24,"column":3}},{"start":{"line":22,"column":2},"end":{"line":24,"column":3}}],"line":22},"1":{"loc":{"start":{"line":22,"column":6},"end":{"line":22,"column":18}},"type":"binary-expr","locations":[{"start":{"line":22,"column":6},"end":{"line":22,"column":9}},{"start":{"line":22,"column":13},"end":{"line":22,"column":18}}],"line":22}},"s":{"0":0,"1":0,"2":0,"3":0,"4":0,"5":0,"6":0,"7":0,"8":0,"9":0,"10":0,"11":0,"12":0,"13":0,"14":0,"15":0,"16":0},"f":{"0":0,"1":0,"2":0,"3":0,"4":0,"5":0},"b":{"0":[0,0],"1":[0,0]},"hash":"f5110a838e3ea1ebc5983d126f524fc41c110c7e"}
,"/home/psihozykt/react-projects/todo-app-front/src/components/content/taskContent/index.js": {"path":"/home/psihozykt/react-projects/todo-app-front/src/components/content/taskContent/index.js","statementMap":{},"fnMap":{},"branchMap":{},"s":{},"f":{},"b":{},"hash":"45a9233a38b94c5063483d33f4b9e826546f6583"}
,"/home/psihozykt/react-projects/todo-app-front/src/components/content/taskContent/addSubTask/AddSubTask.jsx": {"path":"/home/psihozykt/react-projects/todo-app-front/src/components/content/taskContent/addSubTask/AddSubTask.jsx","statementMap":{"0":{"start":{"line":5,"column":19},"end":{"line":17,"column":1}},"1":{"start":{"line":6,"column":35},"end":{"line":6,"column":40}},"2":{"start":{"line":7,"column":19},"end":{"line":9,"column":3}},"3":{"start":{"line":8,"column":4},"end":{"line":8,"column":41}},"4":{"start":{"line":10,"column":2},"end":{"line":16,"column":4}},"5":{"start":{"line":21,"column":23},"end":{"line":43,"column":1}},"6":{"start":{"line":22,"column":27},"end":{"line":22,"column":32}},"7":{"start":{"line":23,"column":2},"end":{"line":42,"column":4}},"8":{"start":{"line":45,"column":28},"end":{"line":45,"column":77}}},"fnMap":{"0":{"name":"(anonymous_0)","decl":{"start":{"line":5,"column":19},"end":{"line":5,"column":20}},"loc":{"start":{"line":5,"column":28},"end":{"line":17,"column":1}},"line":5},"1":{"name":"(anonymous_1)","decl":{"start":{"line":7,"column":19},"end":{"line":7,"column":20}},"loc":{"start":{"line":7,"column":31},"end":{"line":9,"column":3}},"line":7},"2":{"name":"(anonymous_2)","decl":{"start":{"line":21,"column":23},"end":{"line":21,"column":24}},"loc":{"start":{"line":21,"column":32},"end":{"line":43,"column":1}},"line":21}},"branchMap":{},"s":{"0":0,"1":0,"2":0,"3":0,"4":0,"5":0,"6":0,"7":0,"8":0},"f":{"0":0,"1":0,"2":0},"b":{},"hash":"bc8ca73dbd5fb9c4b344365983d878aea5998d08"}
,"/home/psihozykt/react-projects/todo-app-front/src/components/content/taskContent/addSubTask/index.js": {"path":"/home/psihozykt/react-projects/todo-app-front/src/components/content/taskContent/addSubTask/index.js","statementMap":{},"fnMap":{},"branchMap":{},"s":{},"f":{},"b":{},"hash":"5d384204e6be1f92b6b932e63422d397fc5aaba7"}
,"/home/psihozykt/react-projects/todo-app-front/src/components/content/taskContent/donedTodos/DonedTodos.jsx": {"path":"/home/psihozykt/react-projects/todo-app-front/src/components/content/taskContent/donedTodos/DonedTodos.jsx","statementMap":{"0":{"start":{"line":4,"column":19},"end":{"line":37,"column":1}},"1":{"start":{"line":5,"column":2},"end":{"line":5,"column":26}},"2":{"start":{"line":5,"column":13},"end":{"line":5,"column":26}},"3":{"start":{"line":6,"column":2},"end":{"line":6,"column":36}},"4":{"start":{"line":8,"column":19},"end":{"line":10,"column":3}},"5":{"start":{"line":11,"column":25},"end":{"line":14,"column":3}},"6":{"start":{"line":15,"column":21},"end":{"line":18,"column":3}},"7":{"start":{"line":19,"column":2},"end":{"line":36,"column":4}}},"fnMap":{"0":{"name":"(anonymous_0)","decl":{"start":{"line":4,"column":19},"end":{"line":4,"column":20}},"loc":{"start":{"line":4,"column":33},"end":{"line":37,"column":1}},"line":4}},"branchMap":{"0":{"loc":{"start":{"line":5,"column":2},"end":{"line":5,"column":26}},"type":"if","locations":[{"start":{"line":5,"column":2},"end":{"line":5,"column":26}},{"start":{"line":5,"column":2},"end":{"line":5,"column":26}}],"line":5},"1":{"loc":{"start":{"line":12,"column":14},"end":{"line":12,"column":62}},"type":"cond-expr","locations":[{"start":{"line":12,"column":43},"end":{"line":12,"column":52}},{"start":{"line":12,"column":55},"end":{"line":12,"column":62}}],"line":12}},"s":{"0":0,"1":0,"2":0,"3":0,"4":0,"5":0,"6":0,"7":0},"f":{"0":0},"b":{"0":[0,0],"1":[0,0]},"hash":"588c34ed3619653ed3143f4c6d6e69ccc089beb3"}
,"/home/psihozykt/react-projects/todo-app-front/src/components/content/taskContent/donedTodos/index.js": {"path":"/home/psihozykt/react-projects/todo-app-front/src/components/content/taskContent/donedTodos/index.js","statementMap":{},"fnMap":{},"branchMap":{},"s":{},"f":{},"b":{},"hash":"1e1d206ad0dc71338f9f94749d68438ec1cfdd81"}
,"/home/psihozykt/react-projects/todo-app-front/src/components/content/taskContent/donedTodos/util.js": {"path":"/home/psihozykt/react-projects/todo-app-front/src/components/content/taskContent/donedTodos/util.js","statementMap":{"0":{"start":{"line":1,"column":31},"end":{"line":8,"column":1}},"1":{"start":{"line":2,"column":24},"end":{"line":2,"column":44}},"2":{"start":{"line":3,"column":16},"end":{"line":3,"column":17}},"3":{"start":{"line":4,"column":2},"end":{"line":6,"column":5}},"4":{"start":{"line":5,"column":4},"end":{"line":5,"column":35}},"5":{"start":{"line":5,"column":25},"end":{"line":5,"column":35}},"6":{"start":{"line":7,"column":2},"end":{"line":7,"column":33}},"7":{"start":{"line":10,"column":30},"end":{"line":13,"column":1}},"8":{"start":{"line":11,"column":2},"end":{"line":11,"column":43}},"9":{"start":{"line":11,"column":34},"end":{"line":11,"column":43}},"10":{"start":{"line":12,"column":2},"end":{"line":12,"column":62}}},"fnMap":{"0":{"name":"(anonymous_0)","decl":{"start":{"line":1,"column":31},"end":{"line":1,"column":32}},"loc":{"start":{"line":1,"column":39},"end":{"line":8,"column":1}},"line":1},"1":{"name":"(anonymous_1)","decl":{"start":{"line":4,"column":24},"end":{"line":4,"column":25}},"loc":{"start":{"line":4,"column":32},"end":{"line":6,"column":3}},"line":4},"2":{"name":"(anonymous_2)","decl":{"start":{"line":10,"column":30},"end":{"line":10,"column":31}},"loc":{"start":{"line":10,"column":38},"end":{"line":13,"column":1}},"line":10}},"branchMap":{"0":{"loc":{"start":{"line":5,"column":4},"end":{"line":5,"column":35}},"type":"if","locations":[{"start":{"line":5,"column":4},"end":{"line":5,"column":35}},{"start":{"line":5,"column":4},"end":{"line":5,"column":35}}],"line":5},"1":{"loc":{"start":{"line":11,"column":2},"end":{"line":11,"column":43}},"type":"if","locations":[{"start":{"line":11,"column":2},"end":{"line":11,"column":43}},{"start":{"line":11,"column":2},"end":{"line":11,"column":43}}],"line":11}},"s":{"0":0,"1":0,"2":0,"3":0,"4":0,"5":0,"6":0,"7":0,"8":0,"9":0,"10":0},"f":{"0":0,"1":0,"2":0},"b":{"0":[0,0],"1":[0,0]},"hash":"27c564ecf1fd25c4ac3405e109fab3a9cb59f5de"}
,"/home/psihozykt/react-projects/todo-app-front/src/components/content/taskContent/subTask/SubTask.jsx": {"path":"/home/psihozykt/react-projects/todo-app-front/src/components/content/taskContent/subTask/SubTask.jsx","statementMap":{"0":{"start":{"line":4,"column":16},"end":{"line":33,"column":1}},"1":{"start":{"line":8,"column":6},"end":{"line":8,"column":11}},"2":{"start":{"line":10,"column":46},"end":{"line":10,"column":54}},"3":{"start":{"line":12,"column":2},"end":{"line":32,"column":4}},"4":{"start":{"line":18,"column":23},"end":{"line":18,"column":54}},"5":{"start":{"line":28,"column":23},"end":{"line":28,"column":49}}},"fnMap":{"0":{"name":"(anonymous_0)","decl":{"start":{"line":4,"column":16},"end":{"line":4,"column":17}},"loc":{"start":{"line":4,"column":25},"end":{"line":33,"column":1}},"line":4},"1":{"name":"(anonymous_1)","decl":{"start":{"line":18,"column":17},"end":{"line":18,"column":18}},"loc":{"start":{"line":18,"column":23},"end":{"line":18,"column":54}},"line":18},"2":{"name":"(anonymous_2)","decl":{"start":{"line":28,"column":17},"end":{"line":28,"column":18}},"loc":{"start":{"line":28,"column":23},"end":{"line":28,"column":49}},"line":28}},"branchMap":{"0":{"loc":{"start":{"line":19,"column":40},"end":{"line":19,"column":71}},"type":"cond-expr","locations":[{"start":{"line":19,"column":52},"end":{"line":19,"column":66}},{"start":{"line":19,"column":69},"end":{"line":19,"column":71}}],"line":19}},"s":{"0":0,"1":0,"2":0,"3":0,"4":0,"5":0},"f":{"0":0,"1":0,"2":0},"b":{"0":[0,0]},"hash":"182a3fd44f5701a95da5bc2a85dc34377a391b9e"}
,"/home/psihozykt/react-projects/todo-app-front/src/components/content/taskContent/subTask/index.js": {"path":"/home/psihozykt/react-projects/todo-app-front/src/components/content/taskContent/subTask/index.js","statementMap":{},"fnMap":{},"branchMap":{},"s":{},"f":{},"b":{},"hash":"5bc2c663e7d1482c7f24f7f84461523f0468bfa7"}
,"/home/psihozykt/react-projects/todo-app-front/src/components/header/Header.jsx": {"path":"/home/psihozykt/react-projects/todo-app-front/src/components/header/Header.jsx","statementMap":{"0":{"start":{"line":13,"column":22},"end":{"line":13,"column":26}},"1":{"start":{"line":14,"column":4},"end":{"line":20,"column":38}},"2":{"start":{"line":15,"column":20},"end":{"line":15,"column":51}},"3":{"start":{"line":16,"column":18},"end":{"line":16,"column":40}},"4":{"start":{"line":18,"column":8},"end":{"line":18,"column":36}},"5":{"start":{"line":20,"column":20},"end":{"line":20,"column":36}},"6":{"start":{"line":24,"column":22},"end":{"line":24,"column":26}},"7":{"start":{"line":25,"column":45},"end":{"line":25,"column":50}},"8":{"start":{"line":26,"column":4},"end":{"line":35,"column":6}},"9":{"start":{"line":38,"column":24},"end":{"line":41,"column":2}},"10":{"start":{"line":38,"column":34},"end":{"line":41,"column":1}}},"fnMap":{"0":{"name":"(anonymous_0)","decl":{"start":{"line":12,"column":2},"end":{"line":12,"column":3}},"loc":{"start":{"line":12,"column":22},"end":{"line":21,"column":3}},"line":12},"1":{"name":"(anonymous_1)","decl":{"start":{"line":15,"column":12},"end":{"line":15,"column":13}},"loc":{"start":{"line":15,"column":20},"end":{"line":15,"column":51}},"line":15},"2":{"name":"(anonymous_2)","decl":{"start":{"line":16,"column":12},"end":{"line":16,"column":13}},"loc":{"start":{"line":16,"column":18},"end":{"line":16,"column":40}},"line":16},"3":{"name":"(anonymous_3)","decl":{"start":{"line":17,"column":12},"end":{"line":17,"column":13}},"loc":{"start":{"line":17,"column":20},"end":{"line":19,"column":7}},"line":17},"4":{"name":"(anonymous_4)","decl":{"start":{"line":20,"column":13},"end":{"line":20,"column":14}},"loc":{"start":{"line":20,"column":20},"end":{"line":20,"column":36}},"line":20},"5":{"name":"(anonymous_5)","decl":{"start":{"line":23,"column":2},"end":{"line":23,"column":3}},"loc":{"start":{"line":23,"column":11},"end":{"line":36,"column":3}},"line":23},"6":{"name":"(anonymous_6)","decl":{"start":{"line":38,"column":24},"end":{"line":38,"column":25}},"loc":{"start":{"line":38,"column":34},"end":{"line":41,"column":1}},"line":38}},"branchMap":{},"s":{"0":0,"1":0,"2":0,"3":0,"4":0,"5":0,"6":0,"7":0,"8":0,"9":0,"10":0},"f":{"0":0,"1":0,"2":0,"3":0,"4":0,"5":0,"6":0},"b":{},"hash":"389c5cc0091e744138743663c0b7c27141c19082"}
,"/home/psihozykt/react-projects/todo-app-front/src/components/header/index.js": {"path":"/home/psihozykt/react-projects/todo-app-front/src/components/header/index.js","statementMap":{},"fnMap":{},"branchMap":{},"s":{},"f":{},"b":{},"hash":"7640b48816363fd5a20cd89ab81ea0c0e520d0cd"}
,"/home/psihozykt/react-projects/todo-app-front/src/components/header/headerLabel/HeaderLabel.jsx": {"path":"/home/psihozykt/react-projects/todo-app-front/src/components/header/headerLabel/HeaderLabel.jsx","statementMap":{"0":{"start":{"line":8,"column":2},"end":{"line":18,"column":4}},"1":{"start":{"line":11,"column":47},"end":{"line":11,"column":95}},"2":{"start":{"line":15,"column":22},"end":{"line":15,"column":73}},"3":{"start":{"line":21,"column":19},"end":{"line":31,"column":1}},"4":{"start":{"line":22,"column":2},"end":{"line":30,"column":4}},"5":{"start":{"line":33,"column":22},"end":{"line":43,"column":1}},"6":{"start":{"line":34,"column":2},"end":{"line":42,"column":4}},"7":{"start":{"line":45,"column":25},"end":{"line":61,"column":1}},"8":{"start":{"line":46,"column":2},"end":{"line":60,"column":4}},"9":{"start":{"line":63,"column":19},"end":{"line":74,"column":2}},"10":{"start":{"line":64,"column":2},"end":{"line":73,"column":4}}},"fnMap":{"0":{"name":"HeaderLabel","decl":{"start":{"line":7,"column":24},"end":{"line":7,"column":35}},"loc":{"start":{"line":7,"column":78},"end":{"line":19,"column":1}},"line":7},"1":{"name":"(anonymous_1)","decl":{"start":{"line":11,"column":41},"end":{"line":11,"column":42}},"loc":{"start":{"line":11,"column":47},"end":{"line":11,"column":95}},"line":11},"2":{"name":"(anonymous_2)","decl":{"start":{"line":15,"column":16},"end":{"line":15,"column":17}},"loc":{"start":{"line":15,"column":22},"end":{"line":15,"column":73}},"line":15},"3":{"name":"(anonymous_3)","decl":{"start":{"line":21,"column":19},"end":{"line":21,"column":20}},"loc":{"start":{"line":21,"column":44},"end":{"line":31,"column":1}},"line":21},"4":{"name":"(anonymous_4)","decl":{"start":{"line":33,"column":22},"end":{"line":33,"column":23}},"loc":{"start":{"line":33,"column":47},"end":{"line":43,"column":1}},"line":33},"5":{"name":"(anonymous_5)","decl":{"start":{"line":45,"column":25},"end":{"line":45,"column":26}},"loc":{"start":{"line":45,"column":54},"end":{"line":61,"column":1}},"line":45},"6":{"name":"(anonymous_6)","decl":{"start":{"line":63,"column":53},"end":{"line":63,"column":54}},"loc":{"start":{"line":63,"column":62},"end":{"line":74,"column":1}},"line":63}},"branchMap":{"0":{"loc":{"start":{"line":10,"column":7},"end":{"line":10,"column":87}},"type":"binary-expr","locations":[{"start":{"line":10,"column":7},"end":{"line":10,"column":13}},{"start":{"line":10,"column":17},"end":{"line":10,"column":28}},{"start":{"line":10,"column":32},"end":{"line":10,"column":87}}],"line":10},"1":{"loc":{"start":{"line":24,"column":7},"end":{"line":28,"column":7}},"type":"binary-expr","locations":[{"start":{"line":24,"column":7},"end":{"line":24,"column":14}},{"start":{"line":25,"column":8},"end":{"line":27,"column":15}}],"line":24},"2":{"loc":{"start":{"line":36,"column":7},"end":{"line":40,"column":7}},"type":"binary-expr","locations":[{"start":{"line":36,"column":7},"end":{"line":36,"column":14}},{"start":{"line":37,"column":8},"end":{"line":39,"column":15}}],"line":36}},"s":{"0":0,"1":0,"2":0,"3":0,"4":0,"5":0,"6":0,"7":0,"8":0,"9":0,"10":0},"f":{"0":0,"1":0,"2":0,"3":0,"4":0,"5":0,"6":0},"b":{"0":[0,0,0],"1":[0,0],"2":[0,0]},"hash":"b59dd1888b76cdcda55d9a538be4f2a2bbe38ed0"}
,"/home/psihozykt/react-projects/todo-app-front/src/components/header/headerLabel/index.js": {"path":"/home/psihozykt/react-projects/todo-app-front/src/components/header/headerLabel/index.js","statementMap":{},"fnMap":{},"branchMap":{},"s":{},"f":{},"b":{},"hash":"c510e09b6040e490a97b8a0e1d22b6223cf9a747"}
,"/home/psihozykt/react-projects/todo-app-front/src/hoc/withAuth.jsx": {"path":"/home/psihozykt/react-projects/todo-app-front/src/hoc/withAuth.jsx","statementMap":{"0":{"start":{"line":5,"column":35},"end":{"line":7,"column":2}},"1":{"start":{"line":5,"column":45},"end":{"line":7,"column":1}},"2":{"start":{"line":9,"column":25},"end":{"line":22,"column":1}},"3":{"start":{"line":13,"column":25},"end":{"line":13,"column":35}},"4":{"start":{"line":14,"column":6},"end":{"line":16,"column":7}},"5":{"start":{"line":15,"column":8},"end":{"line":15,"column":40}},"6":{"start":{"line":17,"column":6},"end":{"line":17,"column":43}},"7":{"start":{"line":21,"column":2},"end":{"line":21,"column":64}}},"fnMap":{"0":{"name":"(anonymous_0)","decl":{"start":{"line":5,"column":35},"end":{"line":5,"column":36}},"loc":{"start":{"line":5,"column":45},"end":{"line":7,"column":1}},"line":5},"1":{"name":"(anonymous_1)","decl":{"start":{"line":9,"column":25},"end":{"line":9,"column":26}},"loc":{"start":{"line":9,"column":38},"end":{"line":22,"column":1}},"line":9},"2":{"name":"(anonymous_2)","decl":{"start":{"line":12,"column":4},"end":{"line":12,"column":5}},"loc":{"start":{"line":12,"column":13},"end":{"line":18,"column":5}},"line":12}},"branchMap":{"0":{"loc":{"start":{"line":14,"column":6},"end":{"line":16,"column":7}},"type":"if","locations":[{"start":{"line":14,"column":6},"end":{"line":16,"column":7}},{"start":{"line":14,"column":6},"end":{"line":16,"column":7}}],"line":14}},"s":{"0":0,"1":0,"2":0,"3":0,"4":0,"5":0,"6":0,"7":0},"f":{"0":0,"1":0,"2":0},"b":{"0":[0,0]},"hash":"b945ba12d3f43ca101967f8d334329337d0b0914"}
,"/home/psihozykt/react-projects/todo-app-front/src/redux/authReducer.js": {"path":"/home/psihozykt/react-projects/todo-app-front/src/redux/authReducer.js","statementMap":{"0":{"start":{"line":3,"column":17},"end":{"line":3,"column":27}},"1":{"start":{"line":5,"column":21},"end":{"line":8,"column":1}},"2":{"start":{"line":12,"column":2},"end":{"line":18,"column":3}},"3":{"start":{"line":14,"column":6},"end":{"line":14,"column":75}},"4":{"start":{"line":17,"column":6},"end":{"line":17,"column":19}},"5":{"start":{"line":21,"column":30},"end":{"line":25,"column":2}},"6":{"start":{"line":21,"column":39},"end":{"line":25,"column":1}},"7":{"start":{"line":27,"column":33},"end":{"line":31,"column":2}},"8":{"start":{"line":27,"column":40},"end":{"line":31,"column":1}},"9":{"start":{"line":34,"column":21},"end":{"line":38,"column":1}},"10":{"start":{"line":34,"column":52},"end":{"line":38,"column":1}},"11":{"start":{"line":35,"column":2},"end":{"line":37,"column":5}},"12":{"start":{"line":36,"column":4},"end":{"line":36,"column":42}},"13":{"start":{"line":40,"column":22},"end":{"line":44,"column":1}},"14":{"start":{"line":40,"column":28},"end":{"line":44,"column":1}},"15":{"start":{"line":41,"column":2},"end":{"line":43,"column":5}},"16":{"start":{"line":42,"column":4},"end":{"line":42,"column":41}},"17":{"start":{"line":45,"column":26},"end":{"line":47,"column":1}},"18":{"start":{"line":45,"column":57},"end":{"line":47,"column":1}},"19":{"start":{"line":46,"column":2},"end":{"line":46,"column":56}},"20":{"start":{"line":48,"column":22},"end":{"line":50,"column":1}},"21":{"start":{"line":48,"column":53},"end":{"line":50,"column":1}},"22":{"start":{"line":49,"column":2},"end":{"line":49,"column":52}}},"fnMap":{"0":{"name":"(anonymous_0)","decl":{"start":{"line":10,"column":15},"end":{"line":10,"column":16}},"loc":{"start":{"line":10,"column":49},"end":{"line":19,"column":1}},"line":10},"1":{"name":"(anonymous_1)","decl":{"start":{"line":21,"column":30},"end":{"line":21,"column":31}},"loc":{"start":{"line":21,"column":39},"end":{"line":25,"column":1}},"line":21},"2":{"name":"(anonymous_2)","decl":{"start":{"line":27,"column":33},"end":{"line":27,"column":34}},"loc":{"start":{"line":27,"column":40},"end":{"line":31,"column":1}},"line":27},"3":{"name":"(anonymous_3)","decl":{"start":{"line":34,"column":21},"end":{"line":34,"column":22}},"loc":{"start":{"line":34,"column":52},"end":{"line":38,"column":1}},"line":34},"4":{"name":"(anonymous_4)","decl":{"start":{"line":34,"column":52},"end":{"line":34,"column":53}},"loc":{"start":{"line":34,"column":64},"end":{"line":38,"column":1}},"line":34},"5":{"name":"(anonymous_5)","decl":{"start":{"line":35,"column":56},"end":{"line":35,"column":57}},"loc":{"start":{"line":35,"column":64},"end":{"line":37,"column":3}},"line":35},"6":{"name":"(anonymous_6)","decl":{"start":{"line":40,"column":22},"end":{"line":40,"column":23}},"loc":{"start":{"line":40,"column":28},"end":{"line":44,"column":1}},"line":40},"7":{"name":"(anonymous_7)","decl":{"start":{"line":40,"column":28},"end":{"line":40,"column":29}},"loc":{"start":{"line":40,"column":40},"end":{"line":44,"column":1}},"line":40},"8":{"name":"(anonymous_8)","decl":{"start":{"line":41,"column":32},"end":{"line":41,"column":33}},"loc":{"start":{"line":41,"column":38},"end":{"line":43,"column":3}},"line":41},"9":{"name":"(anonymous_9)","decl":{"start":{"line":45,"column":26},"end":{"line":45,"column":27}},"loc":{"start":{"line":45,"column":57},"end":{"line":47,"column":1}},"line":45},"10":{"name":"(anonymous_10)","decl":{"start":{"line":45,"column":57},"end":{"line":45,"column":58}},"loc":{"start":{"line":45,"column":69},"end":{"line":47,"column":1}},"line":45},"11":{"name":"(anonymous_11)","decl":{"start":{"line":48,"column":22},"end":{"line":48,"column":23}},"loc":{"start":{"line":48,"column":53},"end":{"line":50,"column":1}},"line":48},"12":{"name":"(anonymous_12)","decl":{"start":{"line":48,"column":53},"end":{"line":48,"column":54}},"loc":{"start":{"line":48,"column":65},"end":{"line":50,"column":1}},"line":48}},"branchMap":{"0":{"loc":{"start":{"line":10,"column":16},"end":{"line":10,"column":36}},"type":"default-arg","locations":[{"start":{"line":10,"column":24},"end":{"line":10,"column":36}}],"line":10},"1":{"loc":{"start":{"line":12,"column":2},"end":{"line":18,"column":3}},"type":"switch","locations":[{"start":{"line":13,"column":4},"end":{"line":15,"column":5}},{"start":{"line":16,"column":4},"end":{"line":17,"column":19}}],"line":12}},"s":{"0":1,"1":1,"2":0,"3":0,"4":0,"5":1,"6":0,"7":1,"8":0,"9":1,"10":0,"11":0,"12":0,"13":1,"14":0,"15":0,"16":0,"17":1,"18":0,"19":0,"20":1,"21":0,"22":0},"f":{"0":0,"1":0,"2":0,"3":0,"4":0,"5":0,"6":0,"7":0,"8":0,"9":0,"10":0,"11":0,"12":0},"b":{"0":[0],"1":[0,0]},"_coverageSchema":"43e27e138ebf9cfc5966b082cf9a028302ed4184","hash":"f7d9ea8cb21cb074501b291eca4dfc4557967e23"}
,"/home/psihozykt/react-projects/todo-app-front/src/redux/navReducer.js": {"path":"/home/psihozykt/react-projects/todo-app-front/src/redux/navReducer.js","statementMap":{"0":{"start":{"line":3,"column":17},"end":{"line":3,"column":27}},"1":{"start":{"line":4,"column":20},"end":{"line":4,"column":33}},"2":{"start":{"line":5,"column":18},"end":{"line":5,"column":29}},"3":{"start":{"line":6,"column":18},"end":{"line":6,"column":29}},"4":{"start":{"line":7,"column":21},"end":{"line":9,"column":1}},"5":{"start":{"line":12,"column":2},"end":{"line":41,"column":3}},"6":{"start":{"line":14,"column":6},"end":{"line":14,"column":47}},"7":{"start":{"line":17,"column":6},"end":{"line":20,"column":8}},"8":{"start":{"line":23,"column":21},"end":{"line":23,"column":37}},"9":{"start":{"line":24,"column":6},"end":{"line":30,"column":9}},"10":{"start":{"line":25,"column":22},"end":{"line":25,"column":33}},"11":{"start":{"line":26,"column":8},"end":{"line":28,"column":9}},"12":{"start":{"line":27,"column":10},"end":{"line":27,"column":32}},"13":{"start":{"line":29,"column":8},"end":{"line":29,"column":23}},"14":{"start":{"line":31,"column":6},"end":{"line":31,"column":43}},"15":{"start":{"line":34,"column":22},"end":{"line":34,"column":79}},"16":{"start":{"line":34,"column":52},"end":{"line":34,"column":78}},"17":{"start":{"line":35,"column":23},"end":{"line":35,"column":78}},"18":{"start":{"line":35,"column":61},"end":{"line":35,"column":76}},"19":{"start":{"line":36,"column":6},"end":{"line":36,"column":43}},"20":{"start":{"line":40,"column":6},"end":{"line":40,"column":19}},"21":{"start":{"line":44,"column":23},"end":{"line":47,"column":2}},"22":{"start":{"line":44,"column":32},"end":{"line":47,"column":1}},"23":{"start":{"line":49,"column":26},"end":{"line":52,"column":2}},"24":{"start":{"line":49,"column":35},"end":{"line":52,"column":1}},"25":{"start":{"line":54,"column":24},"end":{"line":57,"column":2}},"26":{"start":{"line":54,"column":34},"end":{"line":57,"column":1}},"27":{"start":{"line":59,"column":24},"end":{"line":62,"column":2}},"28":{"start":{"line":59,"column":33},"end":{"line":62,"column":1}},"29":{"start":{"line":65,"column":24},"end":{"line":77,"column":1}},"30":{"start":{"line":65,"column":32},"end":{"line":77,"column":1}},"31":{"start":{"line":66,"column":2},"end":{"line":76,"column":36}},"32":{"start":{"line":68,"column":22},"end":{"line":73,"column":7}},"33":{"start":{"line":74,"column":6},"end":{"line":74,"column":40}},"34":{"start":{"line":76,"column":18},"end":{"line":76,"column":34}},"35":{"start":{"line":78,"column":24},"end":{"line":82,"column":1}},"36":{"start":{"line":78,"column":30},"end":{"line":82,"column":1}},"37":{"start":{"line":79,"column":2},"end":{"line":81,"column":36}},"38":{"start":{"line":80,"column":18},"end":{"line":80,"column":42}},"39":{"start":{"line":81,"column":18},"end":{"line":81,"column":34}},"40":{"start":{"line":83,"column":26},"end":{"line":87,"column":1}},"41":{"start":{"line":83,"column":34},"end":{"line":87,"column":1}},"42":{"start":{"line":84,"column":2},"end":{"line":86,"column":36}},"43":{"start":{"line":85,"column":16},"end":{"line":85,"column":42}},"44":{"start":{"line":86,"column":18},"end":{"line":86,"column":34}},"45":{"start":{"line":89,"column":32},"end":{"line":101,"column":1}},"46":{"start":{"line":89,"column":40},"end":{"line":101,"column":1}},"47":{"start":{"line":90,"column":18},"end":{"line":90,"column":29}},"48":{"start":{"line":91,"column":2},"end":{"line":93,"column":3}},"49":{"start":{"line":92,"column":4},"end":{"line":92,"column":28}},"50":{"start":{"line":95,"column":2},"end":{"line":100,"column":36}},"51":{"start":{"line":96,"column":16},"end":{"line":98,"column":6}},"52":{"start":{"line":97,"column":6},"end":{"line":97,"column":38}},"53":{"start":{"line":100,"column":18},"end":{"line":100,"column":34}},"54":{"start":{"line":103,"column":26},"end":{"line":110,"column":1}},"55":{"start":{"line":103,"column":43},"end":{"line":110,"column":1}},"56":{"start":{"line":104,"column":18},"end":{"line":104,"column":29}},"57":{"start":{"line":105,"column":2},"end":{"line":105,"column":40}},"58":{"start":{"line":106,"column":2},"end":{"line":106,"column":53}},"59":{"start":{"line":107,"column":2},"end":{"line":109,"column":5}},"60":{"start":{"line":108,"column":4},"end":{"line":108,"column":36}},"61":{"start":{"line":112,"column":36},"end":{"line":120,"column":1}},"62":{"start":{"line":112,"column":61},"end":{"line":120,"column":1}},"63":{"start":{"line":113,"column":18},"end":{"line":113,"column":29}},"64":{"start":{"line":114,"column":2},"end":{"line":118,"column":5}},"65":{"start":{"line":115,"column":23},"end":{"line":115,"column":37}},"66":{"start":{"line":116,"column":4},"end":{"line":116,"column":63}},"67":{"start":{"line":116,"column":30},"end":{"line":116,"column":63}},"68":{"start":{"line":117,"column":4},"end":{"line":117,"column":22}},"69":{"start":{"line":119,"column":2},"end":{"line":119,"column":75}},"70":{"start":{"line":119,"column":49},"end":{"line":119,"column":73}},"71":{"start":{"line":122,"column":29},"end":{"line":128,"column":1}},"72":{"start":{"line":122,"column":43},"end":{"line":128,"column":1}},"73":{"start":{"line":123,"column":18},"end":{"line":123,"column":29}},"74":{"start":{"line":124,"column":2},"end":{"line":124,"column":75}},"75":{"start":{"line":124,"column":56},"end":{"line":124,"column":73}},"76":{"start":{"line":125,"column":2},"end":{"line":127,"column":5}},"77":{"start":{"line":126,"column":4},"end":{"line":126,"column":36}}},"fnMap":{"0":{"name":"(anonymous_0)","decl":{"start":{"line":11,"column":15},"end":{"line":11,"column":16}},"loc":{"start":{"line":11,"column":49},"end":{"line":42,"column":1}},"line":11},"1":{"name":"(anonymous_1)","decl":{"start":{"line":24,"column":30},"end":{"line":24,"column":31}},"loc":{"start":{"line":24,"column":38},"end":{"line":30,"column":7}},"line":24},"2":{"name":"(anonymous_2)","decl":{"start":{"line":34,"column":44},"end":{"line":34,"column":45}},"loc":{"start":{"line":34,"column":52},"end":{"line":34,"column":78}},"line":34},"3":{"name":"(anonymous_3)","decl":{"start":{"line":35,"column":46},"end":{"line":35,"column":47}},"loc":{"start":{"line":35,"column":61},"end":{"line":35,"column":76}},"line":35},"4":{"name":"(anonymous_4)","decl":{"start":{"line":44,"column":23},"end":{"line":44,"column":24}},"loc":{"start":{"line":44,"column":32},"end":{"line":47,"column":1}},"line":44},"5":{"name":"(anonymous_5)","decl":{"start":{"line":49,"column":26},"end":{"line":49,"column":27}},"loc":{"start":{"line":49,"column":35},"end":{"line":52,"column":1}},"line":49},"6":{"name":"(anonymous_6)","decl":{"start":{"line":54,"column":24},"end":{"line":54,"column":25}},"loc":{"start":{"line":54,"column":34},"end":{"line":57,"column":1}},"line":54},"7":{"name":"(anonymous_7)","decl":{"start":{"line":59,"column":24},"end":{"line":59,"column":25}},"loc":{"start":{"line":59,"column":33},"end":{"line":62,"column":1}},"line":59},"8":{"name":"(anonymous_8)","decl":{"start":{"line":65,"column":24},"end":{"line":65,"column":25}},"loc":{"start":{"line":65,"column":32},"end":{"line":77,"column":1}},"line":65},"9":{"name":"(anonymous_9)","decl":{"start":{"line":65,"column":32},"end":{"line":65,"column":33}},"loc":{"start":{"line":65,"column":44},"end":{"line":77,"column":1}},"line":65},"10":{"name":"(anonymous_10)","decl":{"start":{"line":67,"column":10},"end":{"line":67,"column":11}},"loc":{"start":{"line":67,"column":18},"end":{"line":75,"column":5}},"line":67},"11":{"name":"(anonymous_11)","decl":{"start":{"line":76,"column":11},"end":{"line":76,"column":12}},"loc":{"start":{"line":76,"column":18},"end":{"line":76,"column":34}},"line":76},"12":{"name":"(anonymous_12)","decl":{"start":{"line":78,"column":24},"end":{"line":78,"column":25}},"loc":{"start":{"line":78,"column":30},"end":{"line":82,"column":1}},"line":78},"13":{"name":"(anonymous_13)","decl":{"start":{"line":78,"column":30},"end":{"line":78,"column":31}},"loc":{"start":{"line":78,"column":42},"end":{"line":82,"column":1}},"line":78},"14":{"name":"(anonymous_14)","decl":{"start":{"line":80,"column":10},"end":{"line":80,"column":11}},"loc":{"start":{"line":80,"column":18},"end":{"line":80,"column":42}},"line":80},"15":{"name":"(anonymous_15)","decl":{"start":{"line":81,"column":11},"end":{"line":81,"column":12}},"loc":{"start":{"line":81,"column":18},"end":{"line":81,"column":34}},"line":81},"16":{"name":"(anonymous_16)","decl":{"start":{"line":83,"column":26},"end":{"line":83,"column":27}},"loc":{"start":{"line":83,"column":34},"end":{"line":87,"column":1}},"line":83},"17":{"name":"(anonymous_17)","decl":{"start":{"line":83,"column":34},"end":{"line":83,"column":35}},"loc":{"start":{"line":83,"column":46},"end":{"line":87,"column":1}},"line":83},"18":{"name":"(anonymous_18)","decl":{"start":{"line":85,"column":10},"end":{"line":85,"column":11}},"loc":{"start":{"line":85,"column":16},"end":{"line":85,"column":42}},"line":85},"19":{"name":"(anonymous_19)","decl":{"start":{"line":86,"column":11},"end":{"line":86,"column":12}},"loc":{"start":{"line":86,"column":18},"end":{"line":86,"column":34}},"line":86},"20":{"name":"(anonymous_20)","decl":{"start":{"line":89,"column":32},"end":{"line":89,"column":33}},"loc":{"start":{"line":89,"column":40},"end":{"line":101,"column":1}},"line":89},"21":{"name":"(anonymous_21)","decl":{"start":{"line":89,"column":40},"end":{"line":89,"column":41}},"loc":{"start":{"line":89,"column":52},"end":{"line":101,"column":1}},"line":89},"22":{"name":"(anonymous_22)","decl":{"start":{"line":96,"column":10},"end":{"line":96,"column":11}},"loc":{"start":{"line":96,"column":16},"end":{"line":98,"column":6}},"line":96},"23":{"name":"(anonymous_23)","decl":{"start":{"line":96,"column":44},"end":{"line":96,"column":45}},"loc":{"start":{"line":96,"column":52},"end":{"line":98,"column":5}},"line":96},"24":{"name":"(anonymous_24)","decl":{"start":{"line":100,"column":11},"end":{"line":100,"column":12}},"loc":{"start":{"line":100,"column":18},"end":{"line":100,"column":34}},"line":100},"25":{"name":"(anonymous_25)","decl":{"start":{"line":103,"column":26},"end":{"line":103,"column":27}},"loc":{"start":{"line":103,"column":43},"end":{"line":110,"column":1}},"line":103},"26":{"name":"(anonymous_26)","decl":{"start":{"line":103,"column":43},"end":{"line":103,"column":44}},"loc":{"start":{"line":103,"column":55},"end":{"line":110,"column":1}},"line":103},"27":{"name":"(anonymous_27)","decl":{"start":{"line":107,"column":41},"end":{"line":107,"column":42}},"loc":{"start":{"line":107,"column":49},"end":{"line":109,"column":3}},"line":107},"28":{"name":"(anonymous_28)","decl":{"start":{"line":112,"column":36},"end":{"line":112,"column":37}},"loc":{"start":{"line":112,"column":61},"end":{"line":120,"column":1}},"line":112},"29":{"name":"(anonymous_29)","decl":{"start":{"line":112,"column":61},"end":{"line":112,"column":62}},"loc":{"start":{"line":112,"column":73},"end":{"line":120,"column":1}},"line":112},"30":{"name":"(anonymous_30)","decl":{"start":{"line":114,"column":42},"end":{"line":114,"column":43}},"loc":{"start":{"line":114,"column":53},"end":{"line":118,"column":3}},"line":114},"31":{"name":"(anonymous_31)","decl":{"start":{"line":119,"column":41},"end":{"line":119,"column":42}},"loc":{"start":{"line":119,"column":49},"end":{"line":119,"column":73}},"line":119},"32":{"name":"(anonymous_32)","decl":{"start":{"line":122,"column":29},"end":{"line":122,"column":30}},"loc":{"start":{"line":122,"column":43},"end":{"line":128,"column":1}},"line":122},"33":{"name":"(anonymous_33)","decl":{"start":{"line":122,"column":43},"end":{"line":122,"column":44}},"loc":{"start":{"line":122,"column":55},"end":{"line":128,"column":1}},"line":122},"34":{"name":"(anonymous_34)","decl":{"start":{"line":124,"column":45},"end":{"line":124,"column":46}},"loc":{"start":{"line":124,"column":56},"end":{"line":124,"column":73}},"line":124},"35":{"name":"(anonymous_35)","decl":{"start":{"line":125,"column":41},"end":{"line":125,"column":42}},"loc":{"start":{"line":125,"column":49},"end":{"line":127,"column":3}},"line":125}},"branchMap":{"0":{"loc":{"start":{"line":11,"column":16},"end":{"line":11,"column":36}},"type":"default-arg","locations":[{"start":{"line":11,"column":24},"end":{"line":11,"column":36}}],"line":11},"1":{"loc":{"start":{"line":12,"column":2},"end":{"line":41,"column":3}},"type":"switch","locations":[{"start":{"line":13,"column":4},"end":{"line":15,"column":5}},{"start":{"line":16,"column":4},"end":{"line":21,"column":5}},{"start":{"line":22,"column":4},"end":{"line":32,"column":5}},{"start":{"line":33,"column":4},"end":{"line":37,"column":5}},{"start":{"line":39,"column":4},"end":{"line":40,"column":19}}],"line":12},"2":{"loc":{"start":{"line":26,"column":8},"end":{"line":28,"column":9}},"type":"if","locations":[{"start":{"line":26,"column":8},"end":{"line":28,"column":9}},{"start":{"line":26,"column":8},"end":{"line":28,"column":9}}],"line":26},"3":{"loc":{"start":{"line":91,"column":2},"end":{"line":93,"column":3}},"type":"if","locations":[{"start":{"line":91,"column":2},"end":{"line":93,"column":3}},{"start":{"line":91,"column":2},"end":{"line":93,"column":3}}],"line":91},"4":{"loc":{"start":{"line":116,"column":4},"end":{"line":116,"column":63}},"type":"if","locations":[{"start":{"line":116,"column":4},"end":{"line":116,"column":63}},{"start":{"line":116,"column":4},"end":{"line":116,"column":63}}],"line":116}},"s":{"0":0,"1":0,"2":0,"3":0,"4":0,"5":0,"6":0,"7":0,"8":0,"9":0,"10":0,"11":0,"12":0,"13":0,"14":0,"15":0,"16":0,"17":0,"18":0,"19":0,"20":0,"21":0,"22":0,"23":0,"24":0,"25":0,"26":0,"27":0,"28":0,"29":0,"30":0,"31":0,"32":0,"33":0,"34":0,"35":0,"36":0,"37":0,"38":0,"39":0,"40":0,"41":0,"42":0,"43":0,"44":0,"45":0,"46":0,"47":0,"48":0,"49":0,"50":0,"51":0,"52":0,"53":0,"54":0,"55":0,"56":0,"57":0,"58":0,"59":0,"60":0,"61":0,"62":0,"63":0,"64":0,"65":0,"66":0,"67":0,"68":0,"69":0,"70":0,"71":0,"72":0,"73":0,"74":0,"75":0,"76":0,"77":0},"f":{"0":0,"1":0,"2":0,"3":0,"4":0,"5":0,"6":0,"7":0,"8":0,"9":0,"10":0,"11":0,"12":0,"13":0,"14":0,"15":0,"16":0,"17":0,"18":0,"19":0,"20":0,"21":0,"22":0,"23":0,"24":0,"25":0,"26":0,"27":0,"28":0,"29":0,"30":0,"31":0,"32":0,"33":0,"34":0,"35":0},"b":{"0":[0],"1":[0,0,0,0,0],"2":[0,0],"3":[0,0],"4":[0,0]},"hash":"f985c6b4f38296edf43f078ac4cdb3d2e8037226"}
,"/home/psihozykt/react-projects/todo-app-front/src/redux/store.js": {"path":"/home/psihozykt/react-projects/todo-app-front/src/redux/store.js","statementMap":{"0":{"start":{"line":8,"column":17},"end":{"line":12,"column":2}},"1":{"start":{"line":13,"column":14},"end":{"line":13,"column":69}},"2":{"start":{"line":14,"column":0},"end":{"line":14,"column":21}}},"fnMap":{},"branchMap":{},"s":{"0":0,"1":0,"2":0},"f":{},"b":{},"hash":"bb00c38fac1eece3513cc42e977586cfeb9ebb3f"}
,"/home/psihozykt/react-projects/todo-app-front/src/util/utility.jsx": {"path":"/home/psihozykt/react-projects/todo-app-front/src/util/utility.jsx","statementMap":{"0":{"start":{"line":10,"column":27},"end":{"line":18,"column":2}},"1":{"start":{"line":10,"column":60},"end":{"line":18,"column":2}},"2":{"start":{"line":11,"column":24},"end":{"line":11,"column":62}},"3":{"start":{"line":12,"column":24},"end":{"line":12,"column":59}},"4":{"start":{"line":13,"column":2},"end":{"line":17,"column":4}}},"fnMap":{"0":{"name":"(anonymous_0)","decl":{"start":{"line":10,"column":27},"end":{"line":10,"column":28}},"loc":{"start":{"line":10,"column":60},"end":{"line":18,"column":2}},"line":10},"1":{"name":"(anonymous_1)","decl":{"start":{"line":10,"column":68},"end":{"line":10,"column":69}},"loc":{"start":{"line":10,"column":79},"end":{"line":18,"column":1}},"line":10}},"branchMap":{},"s":{"0":0,"1":0,"2":0,"3":0,"4":0},"f":{"0":0,"1":0},"b":{},"hash":"89dcbb6f2236d7ea3dc4f7b344cdc2ec11b877e3"}
}
